proguard/seeds.txt
com.podcatcher.deluxe.services.PlayEpisodeService
com.podcatcher.deluxe.services.PlayEpisodeService: PlayEpisodeService()
com.podcatcher.deluxe.view.ContentSpinner: void setTitle(java.lang.String)
com.podcatcher.deluxe.view.ContentSpinner: void setSubtitle(java.lang.String)
com.podcatcher.deluxe.view.EpisodeListItemView
com.podcatcher.deluxe.view.EpisodeListItemView: EpisodeListItemView(android.content.Context,android.util.AttributeSet)
com.podcatcher.deluxe.view.FileListItemView
com.podcatcher.deluxe.view.FileListItemView: FileListItemView(android.content.Context,android.util.AttributeSet)
com.podcatcher.deluxe.view.HorizontalProgressView
com.podcatcher.deluxe.view.HorizontalProgressView: HorizontalProgressView(android.content.Context,android.util.AttributeSet)
com.podcatcher.deluxe.view.HorizontalProgressView: int getLayout()
com.podcatcher.deluxe.view.PodcastListItemView
com.podcatcher.deluxe.view.PodcastListItemView: PodcastListItemView(android.content.Context,android.util.AttributeSet)
com.podcatcher.deluxe.view.ProgressView
com.podcatcher.deluxe.view.ProgressView: ProgressView(android.content.Context,android.util.AttributeSet)
com.podcatcher.deluxe.view.ProgressView: int getLayout()
com.podcatcher.deluxe.view.SuggestionListItemView
com.podcatcher.deluxe.view.SuggestionListItemView: SuggestionListItemView(android.content.Context,android.util.AttributeSet)
com.podcatcher.deluxe.view.ViewMode: com.podcatcher.deluxe.view.ViewMode[] values()
com.podcatcher.deluxe.view.ViewMode: com.podcatcher.deluxe.view.ViewMode valueOf(java.lang.String)
com.podcatcher.deluxe.view.fragments.EpisodeFragment
com.podcatcher.deluxe.view.fragments.EpisodeFragment: EpisodeFragment()
com.podcatcher.deluxe.view.fragments.EpisodeListFragment
com.podcatcher.deluxe.view.fragments.EpisodeListFragment: EpisodeListFragment()
com.podcatcher.deluxe.view.fragments.PlayerFragment
com.podcatcher.deluxe.view.fragments.PlayerFragment: PlayerFragment()
com.podcatcher.deluxe.view.fragments.PodcastListFragment
com.podcatcher.deluxe.view.fragments.PodcastListFragment: PodcastListFragment()
com.podcatcher.deluxe.view.fragments.PodcastListFragment$LogoViewMode: com.podcatcher.deluxe.view.fragments.PodcastListFragment$LogoViewMode[] values()
com.podcatcher.deluxe.view.fragments.PodcastListFragment$LogoViewMode: com.podcatcher.deluxe.view.fragments.PodcastListFragment$LogoViewMode valueOf(java.lang.String)
com.podcatcher.deluxe.view.fragments.PodcatcherListFragment: PodcatcherListFragment()
net.margaritov.preference.colorpicker.ColorPickerPanelView
net.margaritov.preference.colorpicker.ColorPickerPanelView: ColorPickerPanelView(android.content.Context)
net.margaritov.preference.colorpicker.ColorPickerPanelView: ColorPickerPanelView(android.content.Context,android.util.AttributeSet)
net.margaritov.preference.colorpicker.ColorPickerPanelView: ColorPickerPanelView(android.content.Context,android.util.AttributeSet,int)
net.margaritov.preference.colorpicker.ColorPickerPanelView: void setColor(int)
net.margaritov.preference.colorpicker.ColorPickerPanelView: int getColor()
net.margaritov.preference.colorpicker.ColorPickerPanelView: void setBorderColor(int)
net.margaritov.preference.colorpicker.ColorPickerPanelView: int getBorderColor()
net.margaritov.preference.colorpicker.ColorPickerPreference
net.margaritov.preference.colorpicker.ColorPickerPreference: ColorPickerPreference(android.content.Context)
net.margaritov.preference.colorpicker.ColorPickerPreference: ColorPickerPreference(android.content.Context,android.util.AttributeSet)
net.margaritov.preference.colorpicker.ColorPickerPreference: ColorPickerPreference(android.content.Context,android.util.AttributeSet,int)
net.margaritov.preference.colorpicker.ColorPickerPreference$SavedState
net.margaritov.preference.colorpicker.ColorPickerPreference$SavedState: android.os.Parcelable$Creator CREATOR