proguard/mapping.txt
android.support.v4.app.NotificationCompat$InboxStyle -> android.support.v4.app.ag:
    java.util.ArrayList mTexts -> a
android.support.v4.app.NotificationCompat$NotificationCompatImpl -> android.support.v4.app.ah:
    android.app.Notification build(android.support.v4.app.NotificationCompat$Builder) -> a
android.support.v4.app.NotificationCompat$NotificationCompatImplBase -> android.support.v4.app.ai:
    android.app.Notification build(android.support.v4.app.NotificationCompat$Builder) -> a
android.support.v4.app.NotificationCompat$NotificationCompatImplHoneycomb -> android.support.v4.app.aj:
    android.app.Notification build(android.support.v4.app.NotificationCompat$Builder) -> a
android.support.v4.app.NotificationCompat$NotificationCompatImplIceCreamSandwich -> android.support.v4.app.ak:
    android.app.Notification build(android.support.v4.app.NotificationCompat$Builder) -> a
android.support.v4.app.NotificationCompat$NotificationCompatImplJellybean -> android.support.v4.app.al:
    android.app.Notification build(android.support.v4.app.NotificationCompat$Builder) -> a
android.support.v4.app.NotificationCompat$Style -> android.support.v4.app.am:
    android.support.v4.app.NotificationCompat$Builder mBuilder -> d
    java.lang.CharSequence mBigContentTitle -> e
    java.lang.CharSequence mSummaryText -> f
    boolean mSummaryTextSet -> g
    void setBuilder(android.support.v4.app.NotificationCompat$Builder) -> a
android.support.v4.app.NotificationCompatHoneycomb -> android.support.v4.app.an:
    android.app.Notification add(android.content.Context,android.app.Notification,java.lang.CharSequence,java.lang.CharSequence,java.lang.CharSequence,android.widget.RemoteViews,int,android.app.PendingIntent,android.app.PendingIntent,android.graphics.Bitmap) -> a
android.support.v4.app.NotificationCompatIceCreamSandwich -> android.support.v4.app.ao:
    android.app.Notification add(android.content.Context,android.app.Notification,java.lang.CharSequence,java.lang.CharSequence,java.lang.CharSequence,android.widget.RemoteViews,int,android.app.PendingIntent,android.app.PendingIntent,android.graphics.Bitmap,int,int,boolean) -> a
android.support.v4.app.NotificationCompatJellybean -> android.support.v4.app.ap:
    android.app.Notification$Builder b -> a
    void addAction(int,java.lang.CharSequence,android.app.PendingIntent) -> a
    void addBigTextStyle(java.lang.CharSequence,boolean,java.lang.CharSequence,java.lang.CharSequence) -> a
    void addBigPictureStyle(java.lang.CharSequence,boolean,java.lang.CharSequence,android.graphics.Bitmap,android.graphics.Bitmap,boolean) -> a
    void addInboxStyle(java.lang.CharSequence,boolean,java.lang.CharSequence,java.util.ArrayList) -> a
    android.app.Notification build() -> a
android.support.v4.app.SuperNotCalledException -> android.support.v4.app.aq:
android.support.v4.content.Loader -> android.support.v4.a.a:
    int mId -> a
    android.support.v4.content.Loader$OnLoadCompleteListener mListener -> b
    boolean mStarted -> c
    boolean mAbandoned -> d
    boolean mReset -> e
    boolean mContentChanged -> f
    void registerListener(int,android.support.v4.content.Loader$OnLoadCompleteListener) -> a
    void unregisterListener(android.support.v4.content.Loader$OnLoadCompleteListener) -> a
    void startLoading() -> a
    void onStartLoading() -> b
    void stopLoading() -> c
    void onStopLoading() -> d
    void reset() -> e
    void onReset() -> f
    java.lang.String dataToString(java.lang.Object) -> a
    java.lang.String toString() -> toString
    void dump(java.lang.String,java.io.FileDescriptor,java.io.PrintWriter,java.lang.String[]) -> a
android.support.v4.content.Loader$OnLoadCompleteListener -> android.support.v4.a.b:
android.support.v4.os.ParcelableCompat -> android.support.v4.b.a:
    android.os.Parcelable$Creator newCreator(android.support.v4.os.ParcelableCompatCreatorCallbacks) -> a